0 info it worked if it ends with ok
1 verbose cli [ '/usr/local/bin/node',
1 verbose cli   '/usr/local/bin/npm',
1 verbose cli   'install',
1 verbose cli   'node-repl',
1 verbose cli   '-g' ]
2 info using npm@4.1.2
3 info using node@v7.7.4
4 silly loadCurrentTree Starting
5 silly install loadCurrentTree
6 silly install readGlobalPackageData
7 silly fetchPackageMetaData node-repl
8 silly fetchNamedPackageData node-repl
9 silly mapToRegistry name node-repl
10 silly mapToRegistry using default registry
11 silly mapToRegistry registry https://registry.npmjs.org/
12 silly mapToRegistry data Result {
12 silly mapToRegistry   raw: 'node-repl',
12 silly mapToRegistry   scope: null,
12 silly mapToRegistry   escapedName: 'node-repl',
12 silly mapToRegistry   name: 'node-repl',
12 silly mapToRegistry   rawSpec: '',
12 silly mapToRegistry   spec: 'latest',
12 silly mapToRegistry   type: 'tag' }
13 silly mapToRegistry uri https://registry.npmjs.org/node-repl
14 verbose request uri https://registry.npmjs.org/node-repl
15 verbose request no auth needed
16 info attempt registry request try #1 at 10:16:33 AM
17 verbose request id 4089103de8f3aa7f
18 http request GET https://registry.npmjs.org/node-repl
19 http 200 https://registry.npmjs.org/node-repl
20 verbose headers { server: 'nginx/1.10.3',
20 verbose headers   'content-type': 'application/json',
20 verbose headers   'last-modified': 'Sun, 26 Mar 2017 23:31:15 GMT',
20 verbose headers   etag: 'W/"58d84f43-2fde"',
20 verbose headers   'content-encoding': 'gzip',
20 verbose headers   'cache-control': 'max-age=300',
20 verbose headers   'content-length': '2085',
20 verbose headers   'accept-ranges': 'bytes',
20 verbose headers   date: 'Mon, 08 May 2017 03:16:32 GMT',
20 verbose headers   via: '1.1 varnish',
20 verbose headers   age: '0',
20 verbose headers   connection: 'keep-alive',
20 verbose headers   'x-served-by': 'cache-sin18027-SIN',
20 verbose headers   'x-cache': 'MISS',
20 verbose headers   'x-cache-hits': '0',
20 verbose headers   'x-timer': 'S1494213392.947216,VS0,VE132',
20 verbose headers   vary: 'Accept-Encoding' }
21 silly get cb [ 200,
21 silly get   { server: 'nginx/1.10.3',
21 silly get     'content-type': 'application/json',
21 silly get     'last-modified': 'Sun, 26 Mar 2017 23:31:15 GMT',
21 silly get     etag: 'W/"58d84f43-2fde"',
21 silly get     'content-encoding': 'gzip',
21 silly get     'cache-control': 'max-age=300',
21 silly get     'content-length': '2085',
21 silly get     'accept-ranges': 'bytes',
21 silly get     date: 'Mon, 08 May 2017 03:16:32 GMT',
21 silly get     via: '1.1 varnish',
21 silly get     age: '0',
21 silly get     connection: 'keep-alive',
21 silly get     'x-served-by': 'cache-sin18027-SIN',
21 silly get     'x-cache': 'MISS',
21 silly get     'x-cache-hits': '0',
21 silly get     'x-timer': 'S1494213392.947216,VS0,VE132',
21 silly get     vary: 'Accept-Encoding' } ]
22 verbose get saving node-repl to /Users/antoniangga/.npm/registry.npmjs.org/node-repl/.cache.json
23 verbose correctMkdir /Users/antoniangga/.npm correctMkdir not in flight; initializing
24 silly install normalizeTree
25 silly loadCurrentTree Finishing
26 silly loadIdealTree Starting
27 silly install loadIdealTree
28 silly cloneCurrentTree Starting
29 silly install cloneCurrentTreeToIdealTree
30 silly cloneCurrentTree Finishing
31 silly loadShrinkwrap Starting
32 silly install loadShrinkwrap
33 silly loadShrinkwrap Finishing
34 silly loadAllDepsIntoIdealTree Starting
35 silly install loadAllDepsIntoIdealTree
36 silly resolveWithNewModule node-repl@2.0.2 checking installable status
37 silly cache add args [ 'node-repl', null ]
38 verbose cache add spec node-repl
39 silly cache add parsed spec Result {
39 silly cache add   raw: 'node-repl',
39 silly cache add   scope: null,
39 silly cache add   escapedName: 'node-repl',
39 silly cache add   name: 'node-repl',
39 silly cache add   rawSpec: '',
39 silly cache add   spec: 'latest',
39 silly cache add   type: 'tag' }
40 silly addNamed node-repl@latest
41 verbose addNamed "latest" is being treated as a dist-tag for node-repl
42 info addNameTag [ 'node-repl', 'latest' ]
43 silly mapToRegistry name node-repl
44 silly mapToRegistry using default registry
45 silly mapToRegistry registry https://registry.npmjs.org/
46 silly mapToRegistry data Result {
46 silly mapToRegistry   raw: 'node-repl',
46 silly mapToRegistry   scope: null,
46 silly mapToRegistry   escapedName: 'node-repl',
46 silly mapToRegistry   name: 'node-repl',
46 silly mapToRegistry   rawSpec: '',
46 silly mapToRegistry   spec: 'latest',
46 silly mapToRegistry   type: 'tag' }
47 silly mapToRegistry uri https://registry.npmjs.org/node-repl
48 verbose addNameTag registry:https://registry.npmjs.org/node-repl not in flight; fetching
49 verbose get https://registry.npmjs.org/node-repl not expired, no request
50 silly addNameTag next cb for node-repl with tag latest
51 silly addNamed node-repl@2.0.2
52 verbose addNamed "2.0.2" is a plain semver version for node-repl
53 silly mapToRegistry name node-repl
54 silly mapToRegistry using default registry
55 silly mapToRegistry registry https://registry.npmjs.org/
56 silly mapToRegistry data Result {
56 silly mapToRegistry   raw: 'node-repl',
56 silly mapToRegistry   scope: null,
56 silly mapToRegistry   escapedName: 'node-repl',
56 silly mapToRegistry   name: 'node-repl',
56 silly mapToRegistry   rawSpec: '',
56 silly mapToRegistry   spec: 'latest',
56 silly mapToRegistry   type: 'tag' }
57 silly mapToRegistry uri https://registry.npmjs.org/node-repl
58 verbose addRemoteTarball https://registry.npmjs.org/node-repl/-/node-repl-2.0.2.tgz not in flight; adding
59 verbose addRemoteTarball [ 'https://registry.npmjs.org/node-repl/-/node-repl-2.0.2.tgz',
59 verbose addRemoteTarball   '511620a6e179e37a1344ac318409f3110e7f6ce6' ]
60 info retry fetch attempt 1 at 10:16:34 AM
61 info attempt registry request try #1 at 10:16:34 AM
62 http fetch GET https://registry.npmjs.org/node-repl/-/node-repl-2.0.2.tgz
63 http fetch 200 https://registry.npmjs.org/node-repl/-/node-repl-2.0.2.tgz
64 silly fetchAndShaCheck shasum 511620a6e179e37a1344ac318409f3110e7f6ce6
65 verbose addTmpTarball /var/folders/b1/cyzqyl3x4vj37_sjzh7v3m8m0000gn/T/npm-5281-b51a8c0a/registry.npmjs.org/node-repl/-/node-repl-2.0.2.tgz not in flight; adding
66 verbose addTmpTarball already have metadata; skipping unpack for node-repl@2.0.2
67 verbose correctMkdir /Users/antoniangga/.npm correctMkdir not in flight; initializing
68 silly cache afterAdd node-repl@2.0.2
69 verbose afterAdd /Users/antoniangga/.npm/node-repl/2.0.2/package/package.json not in flight; writing
70 verbose correctMkdir /Users/antoniangga/.npm correctMkdir not in flight; initializing
71 verbose afterAdd /Users/antoniangga/.npm/node-repl/2.0.2/package/package.json written
72 silly fetchNamedPackageData strip-bom
73 silly mapToRegistry name strip-bom
74 silly mapToRegistry using default registry
75 silly mapToRegistry registry https://registry.npmjs.org/
76 silly mapToRegistry data Result {
76 silly mapToRegistry   raw: 'strip-bom',
76 silly mapToRegistry   scope: null,
76 silly mapToRegistry   escapedName: 'strip-bom',
76 silly mapToRegistry   name: 'strip-bom',
76 silly mapToRegistry   rawSpec: '',
76 silly mapToRegistry   spec: 'latest',
76 silly mapToRegistry   type: 'tag' }
77 silly mapToRegistry uri https://registry.npmjs.org/strip-bom
78 verbose request uri https://registry.npmjs.org/strip-bom
79 verbose request no auth needed
80 info attempt registry request try #1 at 10:16:34 AM
81 http request GET https://registry.npmjs.org/strip-bom
82 http 200 https://registry.npmjs.org/strip-bom
83 verbose headers { server: 'nginx/1.10.3',
83 verbose headers   'content-type': 'application/json',
83 verbose headers   'last-modified': 'Sat, 30 Apr 2016 16:02:44 GMT',
83 verbose headers   etag: 'W/"5724d724-2d4d"',
83 verbose headers   'content-encoding': 'gzip',
83 verbose headers   'cache-control': 'max-age=300',
83 verbose headers   'content-length': '1989',
83 verbose headers   'accept-ranges': 'bytes',
83 verbose headers   date: 'Mon, 08 May 2017 03:16:32 GMT',
83 verbose headers   via: '1.1 varnish',
83 verbose headers   age: '27',
83 verbose headers   connection: 'keep-alive',
83 verbose headers   'x-served-by': 'cache-sin18027-SIN',
83 verbose headers   'x-cache': 'HIT',
83 verbose headers   'x-cache-hits': '3',
83 verbose headers   'x-timer': 'S1494213392.304571,VS0,VE0',
83 verbose headers   vary: 'Accept-Encoding' }
84 silly get cb [ 200,
84 silly get   { server: 'nginx/1.10.3',
84 silly get     'content-type': 'application/json',
84 silly get     'last-modified': 'Sat, 30 Apr 2016 16:02:44 GMT',
84 silly get     etag: 'W/"5724d724-2d4d"',
84 silly get     'content-encoding': 'gzip',
84 silly get     'cache-control': 'max-age=300',
84 silly get     'content-length': '1989',
84 silly get     'accept-ranges': 'bytes',
84 silly get     date: 'Mon, 08 May 2017 03:16:32 GMT',
84 silly get     via: '1.1 varnish',
84 silly get     age: '27',
84 silly get     connection: 'keep-alive',
84 silly get     'x-served-by': 'cache-sin18027-SIN',
84 silly get     'x-cache': 'HIT',
84 silly get     'x-cache-hits': '3',
84 silly get     'x-timer': 'S1494213392.304571,VS0,VE0',
84 silly get     vary: 'Accept-Encoding' } ]
85 verbose get saving strip-bom to /Users/antoniangga/.npm/registry.npmjs.org/strip-bom/.cache.json
86 verbose correctMkdir /Users/antoniangga/.npm correctMkdir not in flight; initializing
87 silly pickManifestFromRegistryMetadata spec >=1.0.0 <2.0.0 tag latest versions [ '0.1.0',
87 silly pickManifestFromRegistryMetadata   '0.2.0',
87 silly pickManifestFromRegistryMetadata   '0.2.1',
87 silly pickManifestFromRegistryMetadata   '0.3.0',
87 silly pickManifestFromRegistryMetadata   '0.3.1',
87 silly pickManifestFromRegistryMetadata   '1.0.0',
87 silly pickManifestFromRegistryMetadata   '2.0.0',
87 silly pickManifestFromRegistryMetadata   '3.0.0' ]
88 silly resolveWithNewModule strip-bom@1.0.0 checking installable status
89 silly cache add args [ 'strip-bom@^1.0.0', null ]
90 verbose cache add spec strip-bom@^1.0.0
91 silly cache add parsed spec Result {
91 silly cache add   raw: 'strip-bom@^1.0.0',
91 silly cache add   scope: null,
91 silly cache add   escapedName: 'strip-bom',
91 silly cache add   name: 'strip-bom',
91 silly cache add   rawSpec: '^1.0.0',
91 silly cache add   spec: '>=1.0.0 <2.0.0',
91 silly cache add   type: 'range' }
92 silly addNamed strip-bom@>=1.0.0 <2.0.0
93 verbose addNamed ">=1.0.0 <2.0.0" is a valid semver range for strip-bom
94 silly addNameRange { name: 'strip-bom', range: '>=1.0.0 <2.0.0', hasData: false }
95 silly mapToRegistry name strip-bom
96 silly mapToRegistry using default registry
97 silly mapToRegistry registry https://registry.npmjs.org/
98 silly mapToRegistry data Result {
98 silly mapToRegistry   raw: 'strip-bom',
98 silly mapToRegistry   scope: null,
98 silly mapToRegistry   escapedName: 'strip-bom',
98 silly mapToRegistry   name: 'strip-bom',
98 silly mapToRegistry   rawSpec: '',
98 silly mapToRegistry   spec: 'latest',
98 silly mapToRegistry   type: 'tag' }
99 silly mapToRegistry uri https://registry.npmjs.org/strip-bom
100 verbose addNameRange registry:https://registry.npmjs.org/strip-bom not in flight; fetching
101 verbose get https://registry.npmjs.org/strip-bom not expired, no request
102 silly addNameRange number 2 { name: 'strip-bom', range: '>=1.0.0 <2.0.0', hasData: true }
103 silly addNameRange versions [ 'strip-bom',
103 silly addNameRange   [ '0.1.0',
103 silly addNameRange     '0.2.0',
103 silly addNameRange     '0.2.1',
103 silly addNameRange     '0.3.0',
103 silly addNameRange     '0.3.1',
103 silly addNameRange     '1.0.0',
103 silly addNameRange     '2.0.0',
103 silly addNameRange     '3.0.0' ] ]
104 silly pickManifestFromRegistryMetadata spec >=1.0.0 <2.0.0 tag latest versions [ '0.1.0',
104 silly pickManifestFromRegistryMetadata   '0.2.0',
104 silly pickManifestFromRegistryMetadata   '0.2.1',
104 silly pickManifestFromRegistryMetadata   '0.3.0',
104 silly pickManifestFromRegistryMetadata   '0.3.1',
104 silly pickManifestFromRegistryMetadata   '1.0.0',
104 silly pickManifestFromRegistryMetadata   '2.0.0',
104 silly pickManifestFromRegistryMetadata   '3.0.0' ]
105 silly addNamed strip-bom@1.0.0
106 verbose addNamed "1.0.0" is a plain semver version for strip-bom
107 silly mapToRegistry name strip-bom
108 silly mapToRegistry using default registry
109 silly mapToRegistry registry https://registry.npmjs.org/
110 silly mapToRegistry data Result {
110 silly mapToRegistry   raw: 'strip-bom',
110 silly mapToRegistry   scope: null,
110 silly mapToRegistry   escapedName: 'strip-bom',
110 silly mapToRegistry   name: 'strip-bom',
110 silly mapToRegistry   rawSpec: '',
110 silly mapToRegistry   spec: 'latest',
110 silly mapToRegistry   type: 'tag' }
111 silly mapToRegistry uri https://registry.npmjs.org/strip-bom
112 verbose addRemoteTarball https://registry.npmjs.org/strip-bom/-/strip-bom-1.0.0.tgz not in flight; adding
113 verbose addRemoteTarball [ 'https://registry.npmjs.org/strip-bom/-/strip-bom-1.0.0.tgz',
113 verbose addRemoteTarball   '85b8862f3844b5a6d5ec8467a93598173a36f794' ]
114 info retry fetch attempt 1 at 10:16:34 AM
115 info attempt registry request try #1 at 10:16:34 AM
116 http fetch GET https://registry.npmjs.org/strip-bom/-/strip-bom-1.0.0.tgz
117 http fetch 200 https://registry.npmjs.org/strip-bom/-/strip-bom-1.0.0.tgz
118 silly fetchAndShaCheck shasum 85b8862f3844b5a6d5ec8467a93598173a36f794
119 verbose addTmpTarball /var/folders/b1/cyzqyl3x4vj37_sjzh7v3m8m0000gn/T/npm-5281-b51a8c0a/registry.npmjs.org/strip-bom/-/strip-bom-1.0.0.tgz not in flight; adding
120 verbose addTmpTarball already have metadata; skipping unpack for strip-bom@1.0.0
121 verbose correctMkdir /Users/antoniangga/.npm correctMkdir not in flight; initializing
122 silly cache afterAdd strip-bom@1.0.0
123 verbose afterAdd /Users/antoniangga/.npm/strip-bom/1.0.0/package/package.json not in flight; writing
124 verbose correctMkdir /Users/antoniangga/.npm correctMkdir not in flight; initializing
125 verbose afterAdd /Users/antoniangga/.npm/strip-bom/1.0.0/package/package.json written
126 silly fetchNamedPackageData first-chunk-stream
127 silly mapToRegistry name first-chunk-stream
128 silly mapToRegistry using default registry
129 silly mapToRegistry registry https://registry.npmjs.org/
130 silly mapToRegistry data Result {
130 silly mapToRegistry   raw: 'first-chunk-stream',
130 silly mapToRegistry   scope: null,
130 silly mapToRegistry   escapedName: 'first-chunk-stream',
130 silly mapToRegistry   name: 'first-chunk-stream',
130 silly mapToRegistry   rawSpec: '',
130 silly mapToRegistry   spec: 'latest',
130 silly mapToRegistry   type: 'tag' }
131 silly mapToRegistry uri https://registry.npmjs.org/first-chunk-stream
132 silly fetchNamedPackageData is-utf8
133 silly mapToRegistry name is-utf8
134 silly mapToRegistry using default registry
135 silly mapToRegistry registry https://registry.npmjs.org/
136 silly mapToRegistry data Result {
136 silly mapToRegistry   raw: 'is-utf8',
136 silly mapToRegistry   scope: null,
136 silly mapToRegistry   escapedName: 'is-utf8',
136 silly mapToRegistry   name: 'is-utf8',
136 silly mapToRegistry   rawSpec: '',
136 silly mapToRegistry   spec: 'latest',
136 silly mapToRegistry   type: 'tag' }
137 silly mapToRegistry uri https://registry.npmjs.org/is-utf8
138 verbose request uri https://registry.npmjs.org/first-chunk-stream
139 verbose request no auth needed
140 info attempt registry request try #1 at 10:16:34 AM
141 http request GET https://registry.npmjs.org/first-chunk-stream
142 verbose request uri https://registry.npmjs.org/is-utf8
143 verbose request no auth needed
144 info attempt registry request try #1 at 10:16:34 AM
145 http request GET https://registry.npmjs.org/is-utf8
146 http 200 https://registry.npmjs.org/first-chunk-stream
147 verbose headers { server: 'nginx/1.10.3',
147 verbose headers   'content-type': 'application/json',
147 verbose headers   'last-modified': 'Sun, 20 Sep 2015 16:31:11 GMT',
147 verbose headers   etag: 'W/"55fedf4f-1916"',
147 verbose headers   'content-encoding': 'gzip',
147 verbose headers   'cache-control': 'max-age=300',
147 verbose headers   'content-length': '1874',
147 verbose headers   'accept-ranges': 'bytes',
147 verbose headers   date: 'Mon, 08 May 2017 03:16:32 GMT',
147 verbose headers   via: '1.1 varnish',
147 verbose headers   age: '204',
147 verbose headers   connection: 'keep-alive',
147 verbose headers   'x-served-by': 'cache-sin18027-SIN',
147 verbose headers   'x-cache': 'HIT',
147 verbose headers   'x-cache-hits': '5',
147 verbose headers   'x-timer': 'S1494213392.368382,VS0,VE0',
147 verbose headers   vary: 'Accept-Encoding' }
148 silly get cb [ 200,
148 silly get   { server: 'nginx/1.10.3',
148 silly get     'content-type': 'application/json',
148 silly get     'last-modified': 'Sun, 20 Sep 2015 16:31:11 GMT',
148 silly get     etag: 'W/"55fedf4f-1916"',
148 silly get     'content-encoding': 'gzip',
148 silly get     'cache-control': 'max-age=300',
148 silly get     'content-length': '1874',
148 silly get     'accept-ranges': 'bytes',
148 silly get     date: 'Mon, 08 May 2017 03:16:32 GMT',
148 silly get     via: '1.1 varnish',
148 silly get     age: '204',
148 silly get     connection: 'keep-alive',
148 silly get     'x-served-by': 'cache-sin18027-SIN',
148 silly get     'x-cache': 'HIT',
148 silly get     'x-cache-hits': '5',
148 silly get     'x-timer': 'S1494213392.368382,VS0,VE0',
148 silly get     vary: 'Accept-Encoding' } ]
149 verbose get saving first-chunk-stream to /Users/antoniangga/.npm/registry.npmjs.org/first-chunk-stream/.cache.json
150 verbose correctMkdir /Users/antoniangga/.npm correctMkdir not in flight; initializing
151 silly pickManifestFromRegistryMetadata spec >=1.0.0 <2.0.0 tag latest versions [ '0.1.0', '1.0.0', '2.0.0' ]
152 silly resolveWithNewModule first-chunk-stream@1.0.0 checking installable status
153 silly cache add args [ 'first-chunk-stream@^1.0.0', null ]
154 verbose cache add spec first-chunk-stream@^1.0.0
155 silly cache add parsed spec Result {
155 silly cache add   raw: 'first-chunk-stream@^1.0.0',
155 silly cache add   scope: null,
155 silly cache add   escapedName: 'first-chunk-stream',
155 silly cache add   name: 'first-chunk-stream',
155 silly cache add   rawSpec: '^1.0.0',
155 silly cache add   spec: '>=1.0.0 <2.0.0',
155 silly cache add   type: 'range' }
156 silly addNamed first-chunk-stream@>=1.0.0 <2.0.0
157 verbose addNamed ">=1.0.0 <2.0.0" is a valid semver range for first-chunk-stream
158 silly addNameRange { name: 'first-chunk-stream',
158 silly addNameRange   range: '>=1.0.0 <2.0.0',
158 silly addNameRange   hasData: false }
159 silly mapToRegistry name first-chunk-stream
160 silly mapToRegistry using default registry
161 silly mapToRegistry registry https://registry.npmjs.org/
162 silly mapToRegistry data Result {
162 silly mapToRegistry   raw: 'first-chunk-stream',
162 silly mapToRegistry   scope: null,
162 silly mapToRegistry   escapedName: 'first-chunk-stream',
162 silly mapToRegistry   name: 'first-chunk-stream',
162 silly mapToRegistry   rawSpec: '',
162 silly mapToRegistry   spec: 'latest',
162 silly mapToRegistry   type: 'tag' }
163 silly mapToRegistry uri https://registry.npmjs.org/first-chunk-stream
164 verbose addNameRange registry:https://registry.npmjs.org/first-chunk-stream not in flight; fetching
165 verbose get https://registry.npmjs.org/first-chunk-stream not expired, no request
166 silly addNameRange number 2 { name: 'first-chunk-stream',
166 silly addNameRange   range: '>=1.0.0 <2.0.0',
166 silly addNameRange   hasData: true }
167 silly addNameRange versions [ 'first-chunk-stream', [ '0.1.0', '1.0.0', '2.0.0' ] ]
168 silly pickManifestFromRegistryMetadata spec >=1.0.0 <2.0.0 tag latest versions [ '0.1.0', '1.0.0', '2.0.0' ]
169 silly addNamed first-chunk-stream@1.0.0
170 verbose addNamed "1.0.0" is a plain semver version for first-chunk-stream
171 silly mapToRegistry name first-chunk-stream
172 silly mapToRegistry using default registry
173 silly mapToRegistry registry https://registry.npmjs.org/
174 silly mapToRegistry data Result {
174 silly mapToRegistry   raw: 'first-chunk-stream',
174 silly mapToRegistry   scope: null,
174 silly mapToRegistry   escapedName: 'first-chunk-stream',
174 silly mapToRegistry   name: 'first-chunk-stream',
174 silly mapToRegistry   rawSpec: '',
174 silly mapToRegistry   spec: 'latest',
174 silly mapToRegistry   type: 'tag' }
175 silly mapToRegistry uri https://registry.npmjs.org/first-chunk-stream
176 verbose addRemoteTarball https://registry.npmjs.org/first-chunk-stream/-/first-chunk-stream-1.0.0.tgz not in flight; adding
177 verbose addRemoteTarball [ 'https://registry.npmjs.org/first-chunk-stream/-/first-chunk-stream-1.0.0.tgz',
177 verbose addRemoteTarball   '59bfb50cd905f60d7c394cd3d9acaab4e6ad934e' ]
178 info retry fetch attempt 1 at 10:16:34 AM
179 info attempt registry request try #1 at 10:16:34 AM
180 http fetch GET https://registry.npmjs.org/first-chunk-stream/-/first-chunk-stream-1.0.0.tgz
181 http fetch 200 https://registry.npmjs.org/first-chunk-stream/-/first-chunk-stream-1.0.0.tgz
182 silly fetchAndShaCheck shasum 59bfb50cd905f60d7c394cd3d9acaab4e6ad934e
183 verbose addTmpTarball /var/folders/b1/cyzqyl3x4vj37_sjzh7v3m8m0000gn/T/npm-5281-b51a8c0a/registry.npmjs.org/first-chunk-stream/-/first-chunk-stream-1.0.0.tgz not in flight; adding
184 verbose addTmpTarball already have metadata; skipping unpack for first-chunk-stream@1.0.0
185 verbose correctMkdir /Users/antoniangga/.npm correctMkdir not in flight; initializing
186 silly cache afterAdd first-chunk-stream@1.0.0
187 verbose afterAdd /Users/antoniangga/.npm/first-chunk-stream/1.0.0/package/package.json not in flight; writing
188 verbose correctMkdir /Users/antoniangga/.npm correctMkdir not in flight; initializing
189 verbose afterAdd /Users/antoniangga/.npm/first-chunk-stream/1.0.0/package/package.json written
190 http 200 https://registry.npmjs.org/is-utf8
191 verbose headers { server: 'nginx/1.10.3',
191 verbose headers   'content-type': 'application/json',
191 verbose headers   'last-modified': 'Sat, 19 Dec 2015 04:04:22 GMT',
191 verbose headers   etag: 'W/"5674d746-d12"',
191 verbose headers   'content-encoding': 'gzip',
191 verbose headers   'cache-control': 'max-age=300',
191 verbose headers   'content-length': '1016',
191 verbose headers   'accept-ranges': 'bytes',
191 verbose headers   date: 'Mon, 08 May 2017 03:16:32 GMT',
191 verbose headers   via: '1.1 varnish',
191 verbose headers   age: '136',
191 verbose headers   connection: 'keep-alive',
191 verbose headers   'x-served-by': 'cache-sin18026-SIN',
191 verbose headers   'x-cache': 'HIT',
191 verbose headers   'x-cache-hits': '2',
191 verbose headers   'x-timer': 'S1494213392.414114,VS0,VE0',
191 verbose headers   vary: 'Accept-Encoding' }
192 silly get cb [ 200,
192 silly get   { server: 'nginx/1.10.3',
192 silly get     'content-type': 'application/json',
192 silly get     'last-modified': 'Sat, 19 Dec 2015 04:04:22 GMT',
192 silly get     etag: 'W/"5674d746-d12"',
192 silly get     'content-encoding': 'gzip',
192 silly get     'cache-control': 'max-age=300',
192 silly get     'content-length': '1016',
192 silly get     'accept-ranges': 'bytes',
192 silly get     date: 'Mon, 08 May 2017 03:16:32 GMT',
192 silly get     via: '1.1 varnish',
192 silly get     age: '136',
192 silly get     connection: 'keep-alive',
192 silly get     'x-served-by': 'cache-sin18026-SIN',
192 silly get     'x-cache': 'HIT',
192 silly get     'x-cache-hits': '2',
192 silly get     'x-timer': 'S1494213392.414114,VS0,VE0',
192 silly get     vary: 'Accept-Encoding' } ]
193 verbose get saving is-utf8 to /Users/antoniangga/.npm/registry.npmjs.org/is-utf8/.cache.json
194 verbose correctMkdir /Users/antoniangga/.npm correctMkdir not in flight; initializing
195 silly pickManifestFromRegistryMetadata spec >=0.2.0 <0.3.0 tag latest versions [ '0.1.0', '0.2.0', '0.2.1' ]
196 silly resolveWithNewModule is-utf8@0.2.1 checking installable status
197 silly cache add args [ 'is-utf8@^0.2.0', null ]
198 verbose cache add spec is-utf8@^0.2.0
199 silly cache add parsed spec Result {
199 silly cache add   raw: 'is-utf8@^0.2.0',
199 silly cache add   scope: null,
199 silly cache add   escapedName: 'is-utf8',
199 silly cache add   name: 'is-utf8',
199 silly cache add   rawSpec: '^0.2.0',
199 silly cache add   spec: '>=0.2.0 <0.3.0',
199 silly cache add   type: 'range' }
200 silly addNamed is-utf8@>=0.2.0 <0.3.0
201 verbose addNamed ">=0.2.0 <0.3.0" is a valid semver range for is-utf8
202 silly addNameRange { name: 'is-utf8', range: '>=0.2.0 <0.3.0', hasData: false }
203 silly mapToRegistry name is-utf8
204 silly mapToRegistry using default registry
205 silly mapToRegistry registry https://registry.npmjs.org/
206 silly mapToRegistry data Result {
206 silly mapToRegistry   raw: 'is-utf8',
206 silly mapToRegistry   scope: null,
206 silly mapToRegistry   escapedName: 'is-utf8',
206 silly mapToRegistry   name: 'is-utf8',
206 silly mapToRegistry   rawSpec: '',
206 silly mapToRegistry   spec: 'latest',
206 silly mapToRegistry   type: 'tag' }
207 silly mapToRegistry uri https://registry.npmjs.org/is-utf8
208 verbose addNameRange registry:https://registry.npmjs.org/is-utf8 not in flight; fetching
209 verbose get https://registry.npmjs.org/is-utf8 not expired, no request
210 silly addNameRange number 2 { name: 'is-utf8', range: '>=0.2.0 <0.3.0', hasData: true }
211 silly addNameRange versions [ 'is-utf8', [ '0.1.0', '0.2.0', '0.2.1' ] ]
212 silly pickManifestFromRegistryMetadata spec >=0.2.0 <0.3.0 tag latest versions [ '0.1.0', '0.2.0', '0.2.1' ]
213 silly addNamed is-utf8@latest
214 verbose addNamed "latest" is being treated as a dist-tag for is-utf8
215 info addNameTag [ 'is-utf8', 'latest' ]
216 silly mapToRegistry name is-utf8
217 silly mapToRegistry using default registry
218 silly mapToRegistry registry https://registry.npmjs.org/
219 silly mapToRegistry data Result {
219 silly mapToRegistry   raw: 'is-utf8',
219 silly mapToRegistry   scope: null,
219 silly mapToRegistry   escapedName: 'is-utf8',
219 silly mapToRegistry   name: 'is-utf8',
219 silly mapToRegistry   rawSpec: '',
219 silly mapToRegistry   spec: 'latest',
219 silly mapToRegistry   type: 'tag' }
220 silly mapToRegistry uri https://registry.npmjs.org/is-utf8
221 verbose addNameTag registry:https://registry.npmjs.org/is-utf8 already in flight; waiting
222 silly addNameTag next cb for is-utf8 with tag latest
223 silly addNamed is-utf8@0.2.1
224 verbose addNamed "0.2.1" is a plain semver version for is-utf8
225 silly mapToRegistry name is-utf8
226 silly mapToRegistry using default registry
227 silly mapToRegistry registry https://registry.npmjs.org/
228 silly mapToRegistry data Result {
228 silly mapToRegistry   raw: 'is-utf8',
228 silly mapToRegistry   scope: null,
228 silly mapToRegistry   escapedName: 'is-utf8',
228 silly mapToRegistry   name: 'is-utf8',
228 silly mapToRegistry   rawSpec: '',
228 silly mapToRegistry   spec: 'latest',
228 silly mapToRegistry   type: 'tag' }
229 silly mapToRegistry uri https://registry.npmjs.org/is-utf8
230 verbose addRemoteTarball https://registry.npmjs.org/is-utf8/-/is-utf8-0.2.1.tgz not in flight; adding
231 verbose addRemoteTarball [ 'https://registry.npmjs.org/is-utf8/-/is-utf8-0.2.1.tgz',
231 verbose addRemoteTarball   '4b0da1442104d1b336340e80797e865cf39f7d72' ]
232 info retry fetch attempt 1 at 10:16:34 AM
233 info attempt registry request try #1 at 10:16:34 AM
234 http fetch GET https://registry.npmjs.org/is-utf8/-/is-utf8-0.2.1.tgz
235 http fetch 200 https://registry.npmjs.org/is-utf8/-/is-utf8-0.2.1.tgz
236 silly fetchAndShaCheck shasum 4b0da1442104d1b336340e80797e865cf39f7d72
237 verbose addTmpTarball /var/folders/b1/cyzqyl3x4vj37_sjzh7v3m8m0000gn/T/npm-5281-b51a8c0a/registry.npmjs.org/is-utf8/-/is-utf8-0.2.1.tgz not in flight; adding
238 verbose addTmpTarball already have metadata; skipping unpack for is-utf8@0.2.1
239 verbose correctMkdir /Users/antoniangga/.npm correctMkdir not in flight; initializing
240 silly cache afterAdd is-utf8@0.2.1
241 verbose afterAdd /Users/antoniangga/.npm/is-utf8/0.2.1/package/package.json not in flight; writing
242 verbose correctMkdir /Users/antoniangga/.npm correctMkdir not in flight; initializing
243 verbose afterAdd /Users/antoniangga/.npm/is-utf8/0.2.1/package/package.json written
244 silly loadAllDepsIntoIdealTree Finishing
245 silly loadIdealTree Finishing
246 silly currentTree lib
247 silly idealTree lib
247 silly idealTree └─┬ node-repl@2.0.2
247 silly idealTree   ├── first-chunk-stream@1.0.0
247 silly idealTree   ├── is-utf8@0.2.1
247 silly idealTree   └── strip-bom@1.0.0
248 silly generateActionsToTake Starting
249 silly install generateActionsToTake
250 silly generateActionsToTake Finishing
251 silly diffTrees action count 4
252 silly diffTrees add first-chunk-stream@1.0.0
253 silly diffTrees add is-utf8@0.2.1
254 silly diffTrees add strip-bom@1.0.0
255 silly diffTrees add node-repl@2.0.2
256 silly decomposeActions action count 32
257 silly decomposeActions fetch first-chunk-stream@1.0.0
258 silly decomposeActions extract first-chunk-stream@1.0.0
259 silly decomposeActions test first-chunk-stream@1.0.0
260 silly decomposeActions preinstall first-chunk-stream@1.0.0
261 silly decomposeActions build first-chunk-stream@1.0.0
262 silly decomposeActions install first-chunk-stream@1.0.0
263 silly decomposeActions postinstall first-chunk-stream@1.0.0
264 silly decomposeActions finalize first-chunk-stream@1.0.0
265 silly decomposeActions fetch is-utf8@0.2.1
266 silly decomposeActions extract is-utf8@0.2.1
267 silly decomposeActions test is-utf8@0.2.1
268 silly decomposeActions preinstall is-utf8@0.2.1
269 silly decomposeActions build is-utf8@0.2.1
270 silly decomposeActions install is-utf8@0.2.1
271 silly decomposeActions postinstall is-utf8@0.2.1
272 silly decomposeActions finalize is-utf8@0.2.1
273 silly decomposeActions fetch strip-bom@1.0.0
274 silly decomposeActions extract strip-bom@1.0.0
275 silly decomposeActions test strip-bom@1.0.0
276 silly decomposeActions preinstall strip-bom@1.0.0
277 silly decomposeActions build strip-bom@1.0.0
278 silly decomposeActions install strip-bom@1.0.0
279 silly decomposeActions postinstall strip-bom@1.0.0
280 silly decomposeActions finalize strip-bom@1.0.0
281 silly decomposeActions fetch node-repl@2.0.2
282 silly decomposeActions extract node-repl@2.0.2
283 silly decomposeActions test node-repl@2.0.2
284 silly decomposeActions preinstall node-repl@2.0.2
285 silly decomposeActions build node-repl@2.0.2
286 silly decomposeActions install node-repl@2.0.2
287 silly decomposeActions postinstall node-repl@2.0.2
288 silly decomposeActions finalize node-repl@2.0.2
289 silly runTopLevelLifecycles Starting
290 silly executeActions Starting
291 silly install executeActions
292 silly doSerial global-install 0
293 silly doParallel fetch 4
294 verbose correctMkdir /Users/antoniangga/.npm/_locks correctMkdir not in flight; initializing
295 verbose lock using /Users/antoniangga/.npm/_locks/staging-3a08f0df5026584d.lock for /usr/local/lib/node_modules/.staging
296 silly doParallel extract 4
297 silly extract first-chunk-stream@1.0.0
298 silly extract is-utf8@0.2.1
299 silly extract strip-bom@1.0.0
300 silly extract node-repl@2.0.2
301 verbose unbuild lib/node_modules/.staging/is-utf8-2fe95beb
302 verbose unbuild lib/node_modules/.staging/first-chunk-stream-d943b5c2
303 verbose unbuild lib/node_modules/.staging/strip-bom-fae1101a
304 verbose unbuild lib/node_modules/.staging/node-repl-b77fb52e
305 silly gentlyRm /usr/local/lib/node_modules/.staging/is-utf8-2fe95beb is being purged from base /usr/local
306 verbose gentlyRm don't care about contents; nuking /usr/local/lib/node_modules/.staging/is-utf8-2fe95beb
307 silly gentlyRm /usr/local/lib/node_modules/.staging/first-chunk-stream-d943b5c2 is being purged from base /usr/local
308 verbose gentlyRm don't care about contents; nuking /usr/local/lib/node_modules/.staging/first-chunk-stream-d943b5c2
309 verbose tar unpack /Users/antoniangga/.npm/is-utf8/0.2.1/package.tgz
310 verbose tar unpacking to /usr/local/lib/node_modules/.staging/is-utf8-2fe95beb
311 silly gentlyRm /usr/local/lib/node_modules/.staging/is-utf8-2fe95beb is being purged
312 verbose gentlyRm don't care about contents; nuking /usr/local/lib/node_modules/.staging/is-utf8-2fe95beb
313 verbose tar unpack /Users/antoniangga/.npm/first-chunk-stream/1.0.0/package.tgz
314 verbose tar unpacking to /usr/local/lib/node_modules/.staging/first-chunk-stream-d943b5c2
315 silly gentlyRm /usr/local/lib/node_modules/.staging/first-chunk-stream-d943b5c2 is being purged
316 verbose gentlyRm don't care about contents; nuking /usr/local/lib/node_modules/.staging/first-chunk-stream-d943b5c2
317 silly gentlyRm /usr/local/lib/node_modules/.staging/strip-bom-fae1101a is being purged from base /usr/local
318 verbose gentlyRm don't care about contents; nuking /usr/local/lib/node_modules/.staging/strip-bom-fae1101a
319 silly gentlyRm /usr/local/lib/node_modules/.staging/node-repl-b77fb52e is being purged from base /usr/local
320 verbose gentlyRm don't care about contents; nuking /usr/local/lib/node_modules/.staging/node-repl-b77fb52e
321 silly gunzTarPerm modes [ '755', '644' ]
322 silly gunzTarPerm modes [ '755', '644' ]
323 verbose tar unpack /Users/antoniangga/.npm/strip-bom/1.0.0/package.tgz
324 verbose tar unpacking to /usr/local/lib/node_modules/.staging/strip-bom-fae1101a
325 silly gentlyRm /usr/local/lib/node_modules/.staging/strip-bom-fae1101a is being purged
326 verbose gentlyRm don't care about contents; nuking /usr/local/lib/node_modules/.staging/strip-bom-fae1101a
327 verbose tar unpack /Users/antoniangga/.npm/node-repl/2.0.2/package.tgz
328 verbose tar unpacking to /usr/local/lib/node_modules/.staging/node-repl-b77fb52e
329 silly gentlyRm /usr/local/lib/node_modules/.staging/node-repl-b77fb52e is being purged
330 verbose gentlyRm don't care about contents; nuking /usr/local/lib/node_modules/.staging/node-repl-b77fb52e
331 silly gunzTarPerm modes [ '755', '644' ]
332 silly gunzTarPerm modes [ '755', '644' ]
333 silly gunzTarPerm extractEntry package.json
334 silly gunzTarPerm extractEntry package.json
335 silly gunzTarPerm extractEntry package.json
336 silly gunzTarPerm extractEntry package.json
337 silly gunzTarPerm extractEntry README.md
338 silly gunzTarPerm extractEntry LICENSE
339 silly gunzTarPerm extractEntry index.js
340 silly gunzTarPerm extractEntry readme.md
341 silly gunzTarPerm extractEntry cli.js
342 silly gunzTarPerm extractEntry index.js
343 silly gunzTarPerm extractEntry .npmignore
344 silly gunzTarPerm extractEntry bin.js
345 silly gunzTarPerm extractEntry is-utf8.js
346 silly gunzTarPerm extractEntry readme.md
347 silly gunzTarPerm extractEntry repl.js
348 silly gunzTarPerm extractEntry test.js
349 silly gunzTarPerm extractEntry collaborators.md
350 silly gunzTarPerm extractEntry readme.md
351 silly gentlyRm /usr/local/lib/node_modules/.staging/first-chunk-stream-d943b5c2/node_modules is being purged
352 verbose gentlyRm don't care about contents; nuking /usr/local/lib/node_modules/.staging/first-chunk-stream-d943b5c2/node_modules
353 silly gentlyRm /usr/local/lib/node_modules/.staging/is-utf8-2fe95beb/node_modules is being purged
354 verbose gentlyRm don't care about contents; nuking /usr/local/lib/node_modules/.staging/is-utf8-2fe95beb/node_modules
355 silly gentlyRm /usr/local/lib/node_modules/.staging/strip-bom-fae1101a/node_modules is being purged
356 verbose gentlyRm don't care about contents; nuking /usr/local/lib/node_modules/.staging/strip-bom-fae1101a/node_modules
357 silly gentlyRm /usr/local/lib/node_modules/.staging/node-repl-b77fb52e/node_modules is being purged
358 verbose gentlyRm don't care about contents; nuking /usr/local/lib/node_modules/.staging/node-repl-b77fb52e/node_modules
359 silly doParallel preinstall 4
360 silly preinstall first-chunk-stream@1.0.0
361 info lifecycle first-chunk-stream@1.0.0~preinstall: first-chunk-stream@1.0.0
362 silly preinstall is-utf8@0.2.1
363 info lifecycle is-utf8@0.2.1~preinstall: is-utf8@0.2.1
364 silly preinstall strip-bom@1.0.0
365 info lifecycle strip-bom@1.0.0~preinstall: strip-bom@1.0.0
366 silly preinstall node-repl@2.0.2
367 info lifecycle node-repl@2.0.2~preinstall: node-repl@2.0.2
368 silly lifecycle first-chunk-stream@1.0.0~preinstall: no script for preinstall, continuing
369 silly lifecycle is-utf8@0.2.1~preinstall: no script for preinstall, continuing
370 silly lifecycle strip-bom@1.0.0~preinstall: no script for preinstall, continuing
371 silly lifecycle node-repl@2.0.2~preinstall: no script for preinstall, continuing
372 silly doReverseSerial remove 0
373 silly doSerial move 0
374 silly doSerial finalize 4
375 silly finalize /usr/local/lib/node_modules/node-repl/node_modules/first-chunk-stream
376 silly finalize /usr/local/lib/node_modules/node-repl/node_modules/is-utf8
377 silly finalize /usr/local/lib/node_modules/node-repl/node_modules/strip-bom
378 silly finalize /usr/local/lib/node_modules/node-repl
379 silly doSerial build 4
380 silly build first-chunk-stream@1.0.0
381 info linkStuff first-chunk-stream@1.0.0
382 silly linkStuff first-chunk-stream@1.0.0 has /usr/local/lib/node_modules/node-repl/node_modules as its parent node_modules
383 silly linkStuff first-chunk-stream@1.0.0 is part of a global install
384 silly linkStuff first-chunk-stream@1.0.0 is installed into a global node_modules
385 verbose linkBins first-chunk-stream@1.0.0
386 verbose linkMans first-chunk-stream@1.0.0
387 silly build is-utf8@0.2.1
388 info linkStuff is-utf8@0.2.1
389 silly linkStuff is-utf8@0.2.1 has /usr/local/lib/node_modules/node-repl/node_modules as its parent node_modules
390 silly linkStuff is-utf8@0.2.1 is part of a global install
391 silly linkStuff is-utf8@0.2.1 is installed into a global node_modules
392 verbose linkBins is-utf8@0.2.1
393 verbose linkMans is-utf8@0.2.1
394 silly build strip-bom@1.0.0
395 info linkStuff strip-bom@1.0.0
396 silly linkStuff strip-bom@1.0.0 has /usr/local/lib/node_modules/node-repl/node_modules as its parent node_modules
397 silly linkStuff strip-bom@1.0.0 is part of a global install
398 silly linkStuff strip-bom@1.0.0 is installed into a global node_modules
399 verbose linkBins strip-bom@1.0.0
400 verbose linkBins [ { 'strip-bom': 'cli.js' },
400 verbose linkBins   '/usr/local/lib/node_modules/node-repl/node_modules/.bin',
400 verbose linkBins   false ]
401 verbose linkMans strip-bom@1.0.0
402 silly gentlyRm /usr/local/lib/node_modules/node-repl/node_modules/.bin/strip-bom is being purged
403 verbose gentlyRm don't care about contents; nuking /usr/local/lib/node_modules/node-repl/node_modules/.bin/strip-bom
404 silly build node-repl@2.0.2
405 info linkStuff node-repl@2.0.2
406 silly linkStuff node-repl@2.0.2 has /usr/local/lib/node_modules as its parent node_modules
407 silly linkStuff node-repl@2.0.2 is part of a global install
408 silly linkStuff node-repl@2.0.2 is installed into a global node_modules
409 silly linkStuff node-repl@2.0.2 is installed into the top-level global node_modules
410 verbose linkBins node-repl@2.0.2
411 verbose linkBins [ { 'node-repl': 'bin.js' }, '/usr/local/bin', true ]
412 verbose linkMans node-repl@2.0.2
413 silly gentlyRm /usr/local/bin/node-repl is being gently removed
414 verbose unlock done using /Users/antoniangga/.npm/_locks/staging-3a08f0df5026584d.lock for /usr/local/lib/node_modules/.staging
415 silly rollbackFailedOptional Starting
416 silly gentlyRm /usr/local/lib/node_modules/node-repl/node_modules/first-chunk-stream is being purged from base /usr/local/lib
417 verbose gentlyRm don't care about contents; nuking /usr/local/lib/node_modules/node-repl/node_modules/first-chunk-stream
418 silly gentlyRm /usr/local/lib/node_modules/node-repl/node_modules/first-chunk-stream is being purged from base /usr/local/lib
419 verbose gentlyRm don't care about contents; nuking /usr/local/lib/node_modules/node-repl/node_modules/first-chunk-stream
420 silly gentlyRm /usr/local/lib/node_modules/node-repl/node_modules/first-chunk-stream is being purged from base /usr/local/lib
421 verbose gentlyRm don't care about contents; nuking /usr/local/lib/node_modules/node-repl/node_modules/first-chunk-stream
422 silly gentlyRm /usr/local/lib/node_modules/node-repl/node_modules/first-chunk-stream is being purged from base /usr/local/lib
423 verbose gentlyRm don't care about contents; nuking /usr/local/lib/node_modules/node-repl/node_modules/first-chunk-stream
424 silly gentlyRm /usr/local/lib/node_modules/node-repl/node_modules/first-chunk-stream is being purged from base /usr/local/lib
425 verbose gentlyRm don't care about contents; nuking /usr/local/lib/node_modules/node-repl/node_modules/first-chunk-stream
426 silly gentlyRm /usr/local/lib/node_modules/node-repl/node_modules/first-chunk-stream is being purged from base /usr/local/lib
427 verbose gentlyRm don't care about contents; nuking /usr/local/lib/node_modules/node-repl/node_modules/first-chunk-stream
428 silly gentlyRm /usr/local/lib/node_modules/node-repl/node_modules/first-chunk-stream is being purged from base /usr/local/lib
429 verbose gentlyRm don't care about contents; nuking /usr/local/lib/node_modules/node-repl/node_modules/first-chunk-stream
430 silly gentlyRm /usr/local/lib/node_modules/node-repl/node_modules/first-chunk-stream is being purged from base /usr/local/lib
431 verbose gentlyRm don't care about contents; nuking /usr/local/lib/node_modules/node-repl/node_modules/first-chunk-stream
432 silly gentlyRm /usr/local/lib/node_modules/node-repl/node_modules/is-utf8 is being purged from base /usr/local/lib
433 verbose gentlyRm don't care about contents; nuking /usr/local/lib/node_modules/node-repl/node_modules/is-utf8
434 silly gentlyRm /usr/local/lib/node_modules/node-repl/node_modules/is-utf8 is being purged from base /usr/local/lib
435 verbose gentlyRm don't care about contents; nuking /usr/local/lib/node_modules/node-repl/node_modules/is-utf8
436 silly gentlyRm /usr/local/lib/node_modules/node-repl/node_modules/is-utf8 is being purged from base /usr/local/lib
437 verbose gentlyRm don't care about contents; nuking /usr/local/lib/node_modules/node-repl/node_modules/is-utf8
438 silly gentlyRm /usr/local/lib/node_modules/node-repl/node_modules/is-utf8 is being purged from base /usr/local/lib
439 verbose gentlyRm don't care about contents; nuking /usr/local/lib/node_modules/node-repl/node_modules/is-utf8
440 silly gentlyRm /usr/local/lib/node_modules/node-repl/node_modules/is-utf8 is being purged from base /usr/local/lib
441 verbose gentlyRm don't care about contents; nuking /usr/local/lib/node_modules/node-repl/node_modules/is-utf8
442 silly gentlyRm /usr/local/lib/node_modules/node-repl/node_modules/is-utf8 is being purged from base /usr/local/lib
443 verbose gentlyRm don't care about contents; nuking /usr/local/lib/node_modules/node-repl/node_modules/is-utf8
444 silly gentlyRm /usr/local/lib/node_modules/node-repl/node_modules/is-utf8 is being purged from base /usr/local/lib
445 verbose gentlyRm don't care about contents; nuking /usr/local/lib/node_modules/node-repl/node_modules/is-utf8
446 silly gentlyRm /usr/local/lib/node_modules/node-repl/node_modules/is-utf8 is being purged from base /usr/local/lib
447 verbose gentlyRm don't care about contents; nuking /usr/local/lib/node_modules/node-repl/node_modules/is-utf8
448 silly gentlyRm /usr/local/lib/node_modules/node-repl/node_modules/strip-bom is being purged from base /usr/local/lib
449 verbose gentlyRm don't care about contents; nuking /usr/local/lib/node_modules/node-repl/node_modules/strip-bom
450 silly gentlyRm /usr/local/lib/node_modules/node-repl/node_modules/strip-bom is being purged from base /usr/local/lib
451 verbose gentlyRm don't care about contents; nuking /usr/local/lib/node_modules/node-repl/node_modules/strip-bom
452 silly gentlyRm /usr/local/lib/node_modules/node-repl/node_modules/strip-bom is being purged from base /usr/local/lib
453 verbose gentlyRm don't care about contents; nuking /usr/local/lib/node_modules/node-repl/node_modules/strip-bom
454 silly gentlyRm /usr/local/lib/node_modules/node-repl/node_modules/strip-bom is being purged from base /usr/local/lib
455 verbose gentlyRm don't care about contents; nuking /usr/local/lib/node_modules/node-repl/node_modules/strip-bom
456 silly gentlyRm /usr/local/lib/node_modules/node-repl/node_modules/strip-bom is being purged from base /usr/local/lib
457 verbose gentlyRm don't care about contents; nuking /usr/local/lib/node_modules/node-repl/node_modules/strip-bom
458 silly gentlyRm /usr/local/lib/node_modules/node-repl/node_modules/strip-bom is being purged from base /usr/local/lib
459 verbose gentlyRm don't care about contents; nuking /usr/local/lib/node_modules/node-repl/node_modules/strip-bom
460 silly gentlyRm /usr/local/lib/node_modules/node-repl/node_modules/strip-bom is being purged from base /usr/local/lib
461 verbose gentlyRm don't care about contents; nuking /usr/local/lib/node_modules/node-repl/node_modules/strip-bom
462 silly gentlyRm /usr/local/lib/node_modules/node-repl/node_modules/strip-bom is being purged from base /usr/local/lib
463 verbose gentlyRm don't care about contents; nuking /usr/local/lib/node_modules/node-repl/node_modules/strip-bom
464 silly gentlyRm /usr/local/lib/node_modules/node-repl is being purged from base /usr/local/lib
465 verbose gentlyRm don't care about contents; nuking /usr/local/lib/node_modules/node-repl
466 silly gentlyRm /usr/local/lib/node_modules/node-repl is being purged from base /usr/local/lib
467 verbose gentlyRm don't care about contents; nuking /usr/local/lib/node_modules/node-repl
468 silly gentlyRm /usr/local/lib/node_modules/node-repl is being purged from base /usr/local/lib
469 verbose gentlyRm don't care about contents; nuking /usr/local/lib/node_modules/node-repl
470 silly gentlyRm /usr/local/lib/node_modules/node-repl is being purged from base /usr/local/lib
471 verbose gentlyRm don't care about contents; nuking /usr/local/lib/node_modules/node-repl
472 silly gentlyRm /usr/local/lib/node_modules/node-repl is being purged from base /usr/local/lib
473 verbose gentlyRm don't care about contents; nuking /usr/local/lib/node_modules/node-repl
474 silly gentlyRm /usr/local/lib/node_modules/node-repl is being purged from base /usr/local/lib
475 verbose gentlyRm don't care about contents; nuking /usr/local/lib/node_modules/node-repl
476 silly gentlyRm /usr/local/lib/node_modules/node-repl is being purged from base /usr/local/lib
477 verbose gentlyRm don't care about contents; nuking /usr/local/lib/node_modules/node-repl
478 silly gentlyRm /usr/local/lib/node_modules/node-repl is being purged from base /usr/local/lib
479 verbose gentlyRm don't care about contents; nuking /usr/local/lib/node_modules/node-repl
480 silly vacuum-fs purging /usr/local/lib/node_modules/node-repl/node_modules/first-chunk-stream
481 silly vacuum-fs purging /usr/local/lib/node_modules/node-repl/node_modules/first-chunk-stream
482 silly vacuum-fs purging /usr/local/lib/node_modules/node-repl/node_modules/first-chunk-stream
483 silly vacuum-fs purging /usr/local/lib/node_modules/node-repl/node_modules/first-chunk-stream
484 silly vacuum-fs purging /usr/local/lib/node_modules/node-repl/node_modules/first-chunk-stream
485 silly vacuum-fs purging /usr/local/lib/node_modules/node-repl/node_modules/first-chunk-stream
486 silly vacuum-fs purging /usr/local/lib/node_modules/node-repl/node_modules/first-chunk-stream
487 silly vacuum-fs purging /usr/local/lib/node_modules/node-repl/node_modules/first-chunk-stream
488 silly vacuum-fs purging /usr/local/lib/node_modules/node-repl/node_modules/is-utf8
489 silly vacuum-fs purging /usr/local/lib/node_modules/node-repl/node_modules/is-utf8
490 silly vacuum-fs purging /usr/local/lib/node_modules/node-repl/node_modules/is-utf8
491 silly vacuum-fs purging /usr/local/lib/node_modules/node-repl/node_modules/is-utf8
492 silly vacuum-fs purging /usr/local/lib/node_modules/node-repl/node_modules/is-utf8
493 silly vacuum-fs purging /usr/local/lib/node_modules/node-repl/node_modules/is-utf8
494 silly vacuum-fs purging /usr/local/lib/node_modules/node-repl/node_modules/is-utf8
495 silly vacuum-fs purging /usr/local/lib/node_modules/node-repl/node_modules/is-utf8
496 silly vacuum-fs purging /usr/local/lib/node_modules/node-repl/node_modules/strip-bom
497 silly vacuum-fs purging /usr/local/lib/node_modules/node-repl/node_modules/strip-bom
498 silly vacuum-fs purging /usr/local/lib/node_modules/node-repl/node_modules/strip-bom
499 silly vacuum-fs purging /usr/local/lib/node_modules/node-repl/node_modules/strip-bom
500 silly vacuum-fs purging /usr/local/lib/node_modules/node-repl/node_modules/strip-bom
501 silly vacuum-fs purging /usr/local/lib/node_modules/node-repl/node_modules/strip-bom
502 silly vacuum-fs purging /usr/local/lib/node_modules/node-repl/node_modules/strip-bom
503 silly vacuum-fs purging /usr/local/lib/node_modules/node-repl/node_modules/strip-bom
504 silly vacuum-fs purging /usr/local/lib/node_modules/node-repl
505 silly vacuum-fs purging /usr/local/lib/node_modules/node-repl
506 silly vacuum-fs purging /usr/local/lib/node_modules/node-repl
507 silly vacuum-fs purging /usr/local/lib/node_modules/node-repl
508 silly vacuum-fs purging /usr/local/lib/node_modules/node-repl
509 silly vacuum-fs purging /usr/local/lib/node_modules/node-repl
510 silly vacuum-fs purging /usr/local/lib/node_modules/node-repl
511 silly vacuum-fs purging /usr/local/lib/node_modules/node-repl
512 silly vacuum-fs quitting because other entries in /usr/local/lib/node_modules/node-repl/node_modules
513 silly vacuum-fs quitting because other entries in /usr/local/lib/node_modules/node-repl/node_modules
514 silly vacuum-fs quitting because other entries in /usr/local/lib/node_modules/node-repl/node_modules
515 silly vacuum-fs quitting because other entries in /usr/local/lib/node_modules/node-repl/node_modules
516 silly vacuum-fs quitting because other entries in /usr/local/lib/node_modules/node-repl/node_modules
517 silly vacuum-fs quitting because other entries in /usr/local/lib/node_modules/node-repl/node_modules
518 silly vacuum-fs quitting because other entries in /usr/local/lib/node_modules/node-repl/node_modules
519 silly vacuum-fs quitting because other entries in /usr/local/lib/node_modules/node-repl/node_modules
520 silly vacuum-fs quitting because other entries in /usr/local/lib/node_modules/node-repl/node_modules
521 silly vacuum-fs quitting because other entries in /usr/local/lib/node_modules/node-repl/node_modules
522 silly vacuum-fs quitting because other entries in /usr/local/lib/node_modules/node-repl/node_modules
523 silly vacuum-fs quitting because other entries in /usr/local/lib/node_modules/node-repl/node_modules
524 silly vacuum-fs quitting because other entries in /usr/local/lib/node_modules/node-repl/node_modules
525 silly vacuum-fs quitting because other entries in /usr/local/lib/node_modules/node-repl/node_modules
526 silly vacuum-fs quitting because other entries in /usr/local/lib/node_modules/node-repl/node_modules
527 silly vacuum-fs quitting because other entries in /usr/local/lib/node_modules/node-repl/node_modules
528 silly vacuum-fs quitting because other entries in /usr/local/lib/node_modules/node-repl/node_modules
529 silly vacuum-fs quitting because other entries in /usr/local/lib/node_modules/node-repl/node_modules
530 silly vacuum-fs quitting because other entries in /usr/local/lib/node_modules/node-repl/node_modules
531 silly vacuum-fs quitting because other entries in /usr/local/lib/node_modules/node-repl/node_modules
532 silly vacuum-fs quitting because other entries in /usr/local/lib/node_modules/node-repl/node_modules
533 silly vacuum-fs quitting because other entries in /usr/local/lib/node_modules/node-repl/node_modules
534 silly vacuum-fs quitting because other entries in /usr/local/lib/node_modules/node-repl/node_modules
535 silly vacuum-fs quitting because other entries in /usr/local/lib/node_modules/node-repl/node_modules
536 silly vacuum-fs quitting because other entries in /usr/local/lib/node_modules
537 silly vacuum-fs quitting because other entries in /usr/local/lib/node_modules
538 silly vacuum-fs quitting because other entries in /usr/local/lib/node_modules
539 silly vacuum-fs quitting because other entries in /usr/local/lib/node_modules
540 silly vacuum-fs quitting because other entries in /usr/local/lib/node_modules
541 silly vacuum-fs quitting because other entries in /usr/local/lib/node_modules
542 silly vacuum-fs quitting because other entries in /usr/local/lib/node_modules
543 silly vacuum-fs quitting because other entries in /usr/local/lib/node_modules
544 silly rollbackFailedOptional Finishing
545 silly runTopLevelLifecycles Finishing
546 silly install printInstalled
547 verbose stack Error: EACCES: permission denied, symlink '../lib/node_modules/node-repl/bin.js' -> '/usr/local/bin/node-repl'
548 verbose cwd /Users/antoniangga/Documents/Hactiv8 Traning/Fase 1/Week 3/student-roster-db-from-schema
549 error Darwin 16.5.0
550 error argv "/usr/local/bin/node" "/usr/local/bin/npm" "install" "node-repl" "-g"
551 error node v7.7.4
552 error npm  v4.1.2
553 error path ../lib/node_modules/node-repl/bin.js
554 error code EACCES
555 error errno -13
556 error syscall symlink
557 error Error: EACCES: permission denied, symlink '../lib/node_modules/node-repl/bin.js' -> '/usr/local/bin/node-repl'
557 error  { Error: EACCES: permission denied, symlink '../lib/node_modules/node-repl/bin.js' -> '/usr/local/bin/node-repl'
557 error   errno: -13,
557 error   code: 'EACCES',
557 error   syscall: 'symlink',
557 error   path: '../lib/node_modules/node-repl/bin.js',
557 error   dest: '/usr/local/bin/node-repl' }
558 error Please try running this command again as root/Administrator.
559 verbose exit [ -13, true ]
